<?xml version="1.0" encoding="UTF-8"?>
<testng-results ignored="1" total="2" passed="1" failed="0" skipped="0">
  <reporter-output>
  </reporter-output>
  <suite started-at="2026-07-27T12:55:17 IST" name="Default suite" finished-at="2026-07-27T12:55:52 IST" duration-ms="35597">
    <groups>
    </groups>
    <test started-at="2026-07-27T12:55:17 IST" name="Default test" finished-at="2026-07-27T12:55:52 IST" duration-ms="35597">
      <class name="Location_Module.DemoWebUtility">
        <test-method signature="clickandhold()[pri:0, instance:Location_Module.DemoWebUtility@765d7657]" started-at="2026-07-27T12:55:17 IST" name="clickandhold" finished-at="2026-07-27T12:55:52 IST" duration-ms="35337" status="PASS">
          <reporter-output>
          </reporter-output>
        </test-method> <!-- clickandhold -->
      </class> <!-- Location_Module.DemoWebUtility -->
    </test> <!-- Default test -->
  </suite> <!-- Default suite -->
</testng-results>
