<?xml version="1.0" encoding="UTF-8"?>
<testng-results ignored="0" total="1" passed="1" failed="0" skipped="0">
  <reporter-output>
  </reporter-output>
  <suite started-at="2026-07-27T16:21:21 IST" name="Default suite" finished-at="2026-07-27T16:21:21 IST" duration-ms="70">
    <groups>
    </groups>
    <test started-at="2026-07-27T16:21:21 IST" name="Default test" finished-at="2026-07-27T16:21:21 IST" duration-ms="70">
      <class name="Cart_Module.Demo">
        <test-method signature="de()[pri:0, instance:Cart_Module.Demo@40005471]" started-at="2026-07-27T16:21:21 IST" name="de" finished-at="2026-07-27T16:21:21 IST" duration-ms="17" status="PASS">
          <reporter-output>
          </reporter-output>
        </test-method> <!-- de -->
      </class> <!-- Cart_Module.Demo -->
    </test> <!-- Default test -->
  </suite> <!-- Default suite -->
</testng-results>
