<?xml version="1.0" encoding="UTF-8"?>
<!-- Generated by org.testng.reporters.JUnitXMLReporter -->
<testsuite ignored="1" hostname="DESKTOP-NGG3R22" failures="0" tests="1" name="Default test" time="35.597" errors="0" timestamp="2026-07-27T12:55:52 IST">
  <testcase classname="Location_Module.DemoWebUtility" name="clickandhold" time="35.337"/>
  <testcase classname="Location_Module.DemoWebUtility" name="draganddrop" time="0.0">
    <ignored/>
  </testcase> <!-- draganddrop -->
</testsuite> <!-- Default test -->
